TN:
SF:/home/devops/Project/SegmentationFault/DevOpsProject_Milestone3/express-example/models/index.js
FN:13,(anonymous_1)
FN:16,(anonymous_2)
FN:21,(anonymous_3)
FNF:3
FNH:3
FNDA:3,(anonymous_1)
FNDA:2,(anonymous_2)
FNDA:2,(anonymous_3)
DA:3,1
DA:4,1
DA:5,1
DA:6,1
DA:7,1
DA:8,1
DA:9,1
DA:11,1
DA:14,3
DA:17,2
DA:18,2
DA:21,1
DA:22,2
DA:23,2
DA:27,1
DA:28,1
DA:30,1
LF:17
LH:17
BRDA:6,1,0,1
BRDA:6,1,1,1
BRDA:14,2,0,3
BRDA:14,2,1,3
BRDA:22,3,0,2
BRDA:22,3,1,0
BRF:6
BRH:5
end_of_record
TN:
SF:/home/devops/Project/SegmentationFault/DevOpsProject_Milestone3/express-example/models/task.js
FN:3,(anonymous_1)
FN:8,(anonymous_2)
FNF:2
FNH:2
FNDA:1,(anonymous_1)
FNDA:1,(anonymous_2)
DA:3,1
DA:4,1
DA:9,1
DA:19,1
LF:4
LH:4
BRF:0
BRH:0
end_of_record
TN:
SF:/home/devops/Project/SegmentationFault/DevOpsProject_Milestone3/express-example/models/user.js
FN:3,(anonymous_1)
FN:8,(anonymous_2)
FNF:2
FNH:2
FNDA:1,(anonymous_1)
FNDA:1,(anonymous_2)
DA:3,1
DA:4,1
DA:9,1
DA:14,1
LF:4
LH:4
BRF:0
BRH:0
end_of_record
